<?xml version="1.0" encoding="UTF-8"?>
<!-- Generated by org.testng.reporters.JUnitXMLReporter -->
<testsuite ignored="2" hostname="DESKTOP-R7K979K" failures="0" tests="1" name="Command line test" time="2.004" errors="0" timestamp="2020-07-30T01:05:46 IST">
  <testcase classname="com.qa.tests.GetApiTest" name="GetPostWithHeader" time="1.97"/>
  <testcase classname="com.qa.tests.GetApiTest" name="getApiTest" time="0.0">
    <ignored/>
  </testcase> <!-- getApiTest -->
  <testcase classname="com.qa.tests.GetApiTest" name="getApiTestWIthHeader" time="0.0">
    <ignored/>
  </testcase> <!-- getApiTestWIthHeader -->
</testsuite> <!-- Command line test -->
