<?xml version="1.0" encoding="UTF-8"?>
<testng-results ignored="2" total="3" passed="1" failed="0" skipped="0">
  <reporter-output>
  </reporter-output>
  <suite started-at="2020-07-30T01:05:44 IST" name="com.qa.tests.GetApiTest" finished-at="2020-07-30T01:05:46 IST" duration-ms="2004">
    <groups>
    </groups>
    <test started-at="2020-07-30T01:05:44 IST" name="Command line test" finished-at="2020-07-30T01:05:46 IST" duration-ms="2004">
      <class name="com.qa.tests.GetApiTest">
        <test-method is-config="true" signature="setup()[pri:0, instance:com.qa.tests.GetApiTest@69b0fd6f]" started-at="2020-07-30T01:05:44 IST" name="setup" finished-at="2020-07-30T01:05:44 IST" duration-ms="6" status="PASS">
          <reporter-output>
          </reporter-output>
        </test-method> <!-- setup -->
        <test-method signature="GetPostWithHeader()[pri:1, instance:com.qa.tests.GetApiTest@69b0fd6f]" started-at="2020-07-30T01:05:44 IST" name="GetPostWithHeader" finished-at="2020-07-30T01:05:46 IST" duration-ms="1970" status="PASS">
          <reporter-output>
          </reporter-output>
        </test-method> <!-- GetPostWithHeader -->
      </class> <!-- com.qa.tests.GetApiTest -->
    </test> <!-- Command line test -->
  </suite> <!-- com.qa.tests.GetApiTest -->
</testng-results>
